# JRE version: Java(TM) SE Runtime Environment (17.0.6+9) (build 17.0.6+9-LTS-190)
# Java VM: Java HotSpot(TM) 64-Bit Server VM (17.0.6+9-LTS-190, mixed mode, sharing, tiered, compressed oops, compressed class ptrs, g1 gc, windows-amd64)
GC Precious Log:
 CPUs: 8 total, 8 available
 Memory: 32700M
 Large Page Support: Disabled
 NUMA Support: Disabled
 Compressed Oops: Enabled (32-bit)
 Heap Region Size: 1M
 Heap Min Capacity: 256M
 Heap Initial Capacity: 256M
 Heap Max Capacity: 512M
 Pre-touch: Disabled
 Parallel Workers: 8
 Concurrent Workers: 2
 Concurrent Refinement Workers: 8
 Periodic GC: Disabled
Heap:
 garbage-first heap   total 262144K, used 87725K [0x00000000e0000000, 0x0000000100000000)
  region size 1024K, 32 young (32768K), 11 survivors (11264K)
 Metaspace       used 65794K, committed 66304K, reserved 380928K
  class space    used 8708K, committed 8960K, reserved 315392K
GC Heap History (18 events):
Event: 0.494 GC heap before
{Heap before GC invocations=0 (full 0):
 garbage-first heap   total 262144K, used 26624K [0x00000000e0000000, 0x0000000100000000)
  region size 1024K, 23 young (23552K), 0 survivors (0K)
 Metaspace       used 3019K, committed 3136K, reserved 323584K
  class space    used 387K, committed 448K, reserved 315392K
}
Event: 0.502 GC heap after
{Heap after GC invocations=1 (full 0):
 garbage-first heap   total 262144K, used 10496K [0x00000000e0000000, 0x0000000100000000)
  region size 1024K, 3 young (3072K), 3 survivors (3072K)
 Metaspace       used 3019K, committed 3136K, reserved 323584K
  class space    used 387K, committed 448K, reserved 315392K
}
Event: 0.829 GC heap before
{Heap before GC invocations=1 (full 0):
 garbage-first heap   total 262144K, used 38144K [0x00000000e0000000, 0x0000000100000000)
  region size 1024K, 30 young (30720K), 3 survivors (3072K)
 Metaspace       used 4040K, committed 4224K, reserved 323584K
  class space    used 497K, committed 576K, reserved 315392K
}
Event: 0.830 GC heap after
{Heap after GC invocations=2 (full 0):
 garbage-first heap   total 262144K, used 11369K [0x00000000e0000000, 0x0000000100000000)
  region size 1024K, 1 young (1024K), 1 survivors (1024K)
 Metaspace       used 4040K, committed 4224K, reserved 323584K
  class space    used 497K, committed 576K, reserved 315392K
}
Event: 2.204 GC heap before
{Heap before GC invocations=2 (full 0):
 garbage-first heap   total 262144K, used 131177K [0x00000000e0000000, 0x0000000100000000)
  region size 1024K, 118 young (120832K), 1 survivors (1024K)
 Metaspace       used 21274K, committed 21504K, reserved 339968K
  class space    used 3142K, committed 3264K, reserved 315392K
}
Event: 2.211 GC heap after
{Heap after GC invocations=3 (full 0):
 garbage-first heap   total 262144K, used 22119K [0x00000000e0000000, 0x0000000100000000)
  region size 1024K, 12 young (12288K), 12 survivors (12288K)
 Metaspace       used 21274K, committed 21504K, reserved 339968K
  class space    used 3142K, committed 3264K, reserved 315392K
}
Event: 3.643 GC heap before
{Heap before GC invocations=4 (full 0):
 garbage-first heap   total 262144K, used 146023K [0x00000000e0000000, 0x0000000100000000)
  region size 1024K, 130 young (133120K), 12 survivors (12288K)
 Metaspace       used 35743K, committed 36096K, reserved 348160K
  class space    used 5045K, committed 5248K, reserved 315392K
}
Event: 3.657 GC heap after
{Heap after GC invocations=5 (full 0):
 garbage-first heap   total 262144K, used 31905K [0x00000000e0000000, 0x0000000100000000)
  region size 1024K, 10 young (10240K), 10 survivors (10240K)
 Metaspace       used 35743K, committed 36096K, reserved 348160K
  class space    used 5045K, committed 5248K, reserved 315392K
}
Event: 5.176 GC heap before
{Heap before GC invocations=6 (full 0):
 garbage-first heap   total 262144K, used 179361K [0x00000000e0000000, 0x0000000100000000)
  region size 1024K, 153 young (156672K), 10 survivors (10240K)
 Metaspace       used 49103K, committed 49664K, reserved 364544K
  class space    used 7101K, committed 7360K, reserved 315392K
}
Event: 5.184 GC heap after
{Heap after GC invocations=7 (full 0):
 garbage-first heap   total 262144K, used 41878K [0x00000000e0000000, 0x0000000100000000)
  region size 1024K, 20 young (20480K), 20 survivors (20480K)
 Metaspace       used 49103K, committed 49664K, reserved 364544K
  class space    used 7101K, committed 7360K, reserved 315392K
}
Event: 6.069 GC heap before
{Heap before GC invocations=7 (full 0):
 garbage-first heap   total 262144K, used 177046K [0x00000000e0000000, 0x0000000100000000)
  region size 1024K, 153 young (156672K), 20 survivors (20480K)
 Metaspace       used 52703K, committed 53184K, reserved 364544K
  class space    used 7378K, committed 7616K, reserved 315392K
}
Event: 6.077 GC heap after
{Heap after GC invocations=8 (full 0):
 garbage-first heap   total 262144K, used 49253K [0x00000000e0000000, 0x0000000100000000)
  region size 1024K, 18 young (18432K), 18 survivors (18432K)
 Metaspace       used 52703K, committed 53184K, reserved 364544K
  class space    used 7378K, committed 7616K, reserved 315392K
}
Event: 6.998 GC heap before
{Heap before GC invocations=8 (full 0):
 garbage-first heap   total 262144K, used 187493K [0x00000000e0000000, 0x0000000100000000)
  region size 1024K, 153 young (156672K), 18 survivors (18432K)
 Metaspace       used 56296K, committed 56896K, reserved 372736K
  class space    used 7741K, committed 8000K, reserved 315392K
}
Event: 7.007 GC heap after
{Heap after GC invocations=9 (full 0):
 garbage-first heap   total 262144K, used 58368K [0x00000000e0000000, 0x0000000100000000)
  region size 1024K, 17 young (17408K), 17 survivors (17408K)
 Metaspace       used 56296K, committed 56896K, reserved 372736K
  class space    used 7741K, committed 8000K, reserved 315392K
}
Event: 7.515 GC heap before
{Heap before GC invocations=9 (full 0):
 garbage-first heap   total 262144K, used 112640K [0x00000000e0000000, 0x0000000100000000)
  region size 1024K, 71 young (72704K), 17 survivors (17408K)
 Metaspace       used 59899K, committed 60416K, reserved 372736K
  class space    used 8170K, committed 8448K, reserved 315392K
}
Event: 7.527 GC heap after
{Heap after GC invocations=10 (full 0):
 garbage-first heap   total 262144K, used 60623K [0x00000000e0000000, 0x0000000100000000)
  region size 1024K, 12 young (12288K), 12 survivors (12288K)
 Metaspace       used 59899K, committed 60416K, reserved 372736K
  class space    used 8170K, committed 8448K, reserved 315392K
}
Event: 84.649 GC heap before
{Heap before GC invocations=11 (full 0):
 garbage-first heap   total 262144K, used 194767K [0x00000000e0000000, 0x0000000100000000)
  region size 1024K, 144 young (147456K), 12 survivors (12288K)
 Metaspace       used 65702K, committed 66240K, reserved 380928K
  class space    used 8705K, committed 8960K, reserved 315392K
}
Event: 84.655 GC heap after
{Heap after GC invocations=12 (full 0):
 garbage-first heap   total 262144K, used 67245K [0x00000000e0000000, 0x0000000100000000)
  region size 1024K, 11 young (11264K), 11 survivors (11264K)
 Metaspace       used 65702K, committed 66240K, reserved 380928K
  class space    used 8705K, committed 8960K, reserved 315392K
}

