# JRE version: OpenJDK Runtime Environment Temurin-17.0.9+9 (17.0.9+9) (build 17.0.9+9)
# Java VM: OpenJDK 64-Bit Server VM Temurin-17.0.9+9 (17.0.9+9, mixed mode, emulated-client, tiered, compressed oops, compressed class ptrs, g1 gc, windows-amd64)
GC Precious Log:
 CPUs: 8 total, 8 available
 Memory: 32700M
 Large Page Support: Disabled
 NUMA Support: Disabled
 Compressed Oops: Enabled (32-bit)
 Heap Region Size: 1M
 Heap Min Capacity: 8M
 Heap Initial Capacity: 512M
 Heap Max Capacity: 1G
 Pre-touch: Disabled
 Parallel Workers: 8
 Concurrent Workers: 2
 Concurrent Refinement Workers: 8
 Periodic GC: Disabled
Heap:
 garbage-first heap   total 109568K, used 40329K [0x00000000c0000000, 0x0000000100000000)
  region size 1024K, 1 young (1024K), 0 survivors (0K)
 Metaspace       used 59970K, committed 60480K, reserved 1114112K
  class space    used 7491K, committed 7744K, reserved 1048576K
GC Heap History (20 events):
Event: 17661.532 GC heap before
{Heap before GC invocations=1671 (full 1651):
 garbage-first heap   total 109568K, used 40318K [0x00000000c0000000, 0x0000000100000000)
  region size 1024K, 1 young (1024K), 0 survivors (0K)
 Metaspace       used 59945K, committed 60480K, reserved 1114112K
  class space    used 7487K, committed 7744K, reserved 1048576K
}
Event: 17661.567 GC heap after
{Heap after GC invocations=1672 (full 1652):
 garbage-first heap   total 109568K, used 40316K [0x00000000c0000000, 0x0000000100000000)
  region size 1024K, 0 young (0K), 0 survivors (0K)
 Metaspace       used 59945K, committed 60480K, reserved 1114112K
  class space    used 7487K, committed 7744K, reserved 1048576K
}
Event: 17671.684 GC heap before
{Heap before GC invocations=1672 (full 1652):
 garbage-first heap   total 109568K, used 40316K [0x00000000c0000000, 0x0000000100000000)
  region size 1024K, 1 young (1024K), 0 survivors (0K)
 Metaspace       used 59945K, committed 60480K, reserved 1114112K
  class space    used 7487K, committed 7744K, reserved 1048576K
}
Event: 17671.712 GC heap after
{Heap after GC invocations=1673 (full 1653):
 garbage-first heap   total 109568K, used 40315K [0x00000000c0000000, 0x0000000100000000)
  region size 1024K, 0 young (0K), 0 survivors (0K)
 Metaspace       used 59945K, committed 60480K, reserved 1114112K
  class space    used 7487K, committed 7744K, reserved 1048576K
}
Event: 17681.799 GC heap before
{Heap before GC invocations=1673 (full 1653):
 garbage-first heap   total 109568K, used 40315K [0x00000000c0000000, 0x0000000100000000)
  region size 1024K, 1 young (1024K), 0 survivors (0K)
 Metaspace       used 59945K, committed 60480K, reserved 1114112K
  class space    used 7487K, committed 7744K, reserved 1048576K
}
Event: 17681.828 GC heap after
{Heap after GC invocations=1674 (full 1654):
 garbage-first heap   total 109568K, used 40315K [0x00000000c0000000, 0x0000000100000000)
  region size 1024K, 0 young (0K), 0 survivors (0K)
 Metaspace       used 59945K, committed 60480K, reserved 1114112K
  class space    used 7487K, committed 7744K, reserved 1048576K
}
Event: 17691.936 GC heap before
{Heap before GC invocations=1674 (full 1654):
 garbage-first heap   total 109568K, used 40315K [0x00000000c0000000, 0x0000000100000000)
  region size 1024K, 1 young (1024K), 0 survivors (0K)
 Metaspace       used 59945K, committed 60480K, reserved 1114112K
  class space    used 7487K, committed 7744K, reserved 1048576K
}
Event: 17691.966 GC heap after
{Heap after GC invocations=1675 (full 1655):
 garbage-first heap   total 109568K, used 40315K [0x00000000c0000000, 0x0000000100000000)
  region size 1024K, 0 young (0K), 0 survivors (0K)
 Metaspace       used 59945K, committed 60480K, reserved 1114112K
  class space    used 7487K, committed 7744K, reserved 1048576K
}
Event: 17712.087 GC heap before
{Heap before GC invocations=1675 (full 1655):
 garbage-first heap   total 109568K, used 40315K [0x00000000c0000000, 0x0000000100000000)
  region size 1024K, 1 young (1024K), 0 survivors (0K)
 Metaspace       used 59970K, committed 60480K, reserved 1114112K
  class space    used 7491K, committed 7744K, reserved 1048576K
}
Event: 17712.119 GC heap after
{Heap after GC invocations=1676 (full 1656):
 garbage-first heap   total 109568K, used 40330K [0x00000000c0000000, 0x0000000100000000)
  region size 1024K, 0 young (0K), 0 survivors (0K)
 Metaspace       used 59970K, committed 60480K, reserved 1114112K
  class space    used 7491K, committed 7744K, reserved 1048576K
}
Event: 17722.226 GC heap before
{Heap before GC invocations=1676 (full 1656):
 garbage-first heap   total 109568K, used 40330K [0x00000000c0000000, 0x0000000100000000)
  region size 1024K, 1 young (1024K), 0 survivors (0K)
 Metaspace       used 59970K, committed 60480K, reserved 1114112K
  class space    used 7491K, committed 7744K, reserved 1048576K
}
Event: 17722.255 GC heap after
{Heap after GC invocations=1677 (full 1657):
 garbage-first heap   total 109568K, used 40329K [0x00000000c0000000, 0x0000000100000000)
  region size 1024K, 0 young (0K), 0 survivors (0K)
 Metaspace       used 59970K, committed 60480K, reserved 1114112K
  class space    used 7491K, committed 7744K, reserved 1048576K
}
Event: 17732.353 GC heap before
{Heap before GC invocations=1677 (full 1657):
 garbage-first heap   total 109568K, used 40329K [0x00000000c0000000, 0x0000000100000000)
  region size 1024K, 1 young (1024K), 0 survivors (0K)
 Metaspace       used 59970K, committed 60480K, reserved 1114112K
  class space    used 7491K, committed 7744K, reserved 1048576K
}
Event: 17732.380 GC heap after
{Heap after GC invocations=1678 (full 1658):
 garbage-first heap   total 109568K, used 40329K [0x00000000c0000000, 0x0000000100000000)
  region size 1024K, 0 young (0K), 0 survivors (0K)
 Metaspace       used 59970K, committed 60480K, reserved 1114112K
  class space    used 7491K, committed 7744K, reserved 1048576K
}
Event: 17742.476 GC heap before
{Heap before GC invocations=1678 (full 1658):
 garbage-first heap   total 109568K, used 40329K [0x00000000c0000000, 0x0000000100000000)
  region size 1024K, 1 young (1024K), 0 survivors (0K)
 Metaspace       used 59970K, committed 60480K, reserved 1114112K
  class space    used 7491K, committed 7744K, reserved 1048576K
}
Event: 17742.506 GC heap after
{Heap after GC invocations=1679 (full 1659):
 garbage-first heap   total 109568K, used 40329K [0x00000000c0000000, 0x0000000100000000)
  region size 1024K, 0 young (0K), 0 survivors (0K)
 Metaspace       used 59970K, committed 60480K, reserved 1114112K
  class space    used 7491K, committed 7744K, reserved 1048576K
}
Event: 17752.613 GC heap before
{Heap before GC invocations=1679 (full 1659):
 garbage-first heap   total 109568K, used 40329K [0x00000000c0000000, 0x0000000100000000)
  region size 1024K, 1 young (1024K), 0 survivors (0K)
 Metaspace       used 59970K, committed 60480K, reserved 1114112K
  class space    used 7491K, committed 7744K, reserved 1048576K
}
Event: 17752.647 GC heap after
{Heap after GC invocations=1680 (full 1660):
 garbage-first heap   total 109568K, used 40329K [0x00000000c0000000, 0x0000000100000000)
  region size 1024K, 0 young (0K), 0 survivors (0K)
 Metaspace       used 59970K, committed 60480K, reserved 1114112K
  class space    used 7491K, committed 7744K, reserved 1048576K
}
Event: 17762.746 GC heap before
{Heap before GC invocations=1680 (full 1660):
 garbage-first heap   total 109568K, used 40329K [0x00000000c0000000, 0x0000000100000000)
  region size 1024K, 1 young (1024K), 0 survivors (0K)
 Metaspace       used 59970K, committed 60480K, reserved 1114112K
  class space    used 7491K, committed 7744K, reserved 1048576K
}
Event: 17762.776 GC heap after
{Heap after GC invocations=1681 (full 1661):
 garbage-first heap   total 109568K, used 40329K [0x00000000c0000000, 0x0000000100000000)
  region size 1024K, 0 young (0K), 0 survivors (0K)
 Metaspace       used 59970K, committed 60480K, reserved 1114112K
  class space    used 7491K, committed 7744K, reserved 1048576K
}

